Performing C SOURCE FILE Test CMAKE_HAVE_LIBC_PTHREAD failed with the following output:
Change Dir: /media/psf/Home/Desktop/project4/build/CMakeFiles/CMakeTmp

Run Build Command(s):/usr/bin/make -f Makefile cmTC_4d2dd/fast && /usr/bin/make  -f CMakeFiles/cmTC_4d2dd.dir/build.make CMakeFiles/cmTC_4d2dd.dir/build
make[1]: Entering directory '/media/psf/Home/Desktop/project4/build/CMakeFiles/CMakeTmp'
Building C object CMakeFiles/cmTC_4d2dd.dir/src.c.o
/usr/bin/cc -DCMAKE_HAVE_LIBC_PTHREAD   -o CMakeFiles/cmTC_4d2dd.dir/src.c.o -c /media/psf/Home/Desktop/project4/build/CMakeFiles/CMakeTmp/src.c
Linking C executable cmTC_4d2dd
/snap/cmake/956/bin/cmake -E cmake_link_script CMakeFiles/cmTC_4d2dd.dir/link.txt --verbose=1
/usr/bin/cc CMakeFiles/cmTC_4d2dd.dir/src.c.o -o cmTC_4d2dd 
/usr/bin/ld: CMakeFiles/cmTC_4d2dd.dir/src.c.o: in function `main':
src.c:(.text+0x48): undefined reference to `pthread_create'
/usr/bin/ld: src.c:(.text+0x50): undefined reference to `pthread_detach'
/usr/bin/ld: src.c:(.text+0x58): undefined reference to `pthread_cancel'
/usr/bin/ld: src.c:(.text+0x64): undefined reference to `pthread_join'
collect2: error: ld returned 1 exit status
make[1]: *** [CMakeFiles/cmTC_4d2dd.dir/build.make:99: cmTC_4d2dd] Error 1
make[1]: Leaving directory '/media/psf/Home/Desktop/project4/build/CMakeFiles/CMakeTmp'
make: *** [Makefile:127: cmTC_4d2dd/fast] Error 2


Source file was:
#include <pthread.h>

static void* test_func(void* data)
{
  return data;
}

int main(void)
{
  pthread_t thread;
  pthread_create(&thread, NULL, test_func, NULL);
  pthread_detach(thread);
  pthread_cancel(thread);
  pthread_join(thread, NULL);
  pthread_atfork(NULL, NULL, NULL);
  pthread_exit(NULL);

  return 0;
}

